# JRE version: Java(TM) SE Runtime Environment (12.0.2+10) (build 12.0.2+10)
# Java VM: Java HotSpot(TM) 64-Bit Server VM (12.0.2+10, mixed mode, sharing, tiered, compressed oops, g1 gc, windows-amd64)
Heap:
 garbage-first heap   total 15360K, used 5104K [0x0000000081800000, 0x0000000100000000)
  region size 1024K, 1 young (1024K), 1 survivors (1024K)
 Metaspace       used 8449K, capacity 11203K, committed 11392K, reserved 1058816K
  class space    used 1002K, capacity 1315K, committed 1408K, reserved 1048576K
GC Heap History (10 events):
Event: 0.571 GC heap after
{Heap after GC invocations=8 (full 0):
 garbage-first heap   total 10240K, used 4274K [0x0000000081800000, 0x0000000100000000)
  region size 1024K, 1 young (1024K), 1 survivors (1024K)
 Metaspace       used 8207K, capacity 11181K, committed 11392K, reserved 1058816K
  class space    used 985K, capacity 1309K, committed 1408K, reserved 1048576K
}
Event: 0.575 GC heap before
{Heap before GC invocations=8 (full 0):
 garbage-first heap   total 10240K, used 5298K [0x0000000081800000, 0x0000000100000000)
  region size 1024K, 2 young (2048K), 1 survivors (1024K)
 Metaspace       used 8217K, capacity 11181K, committed 11392K, reserved 1058816K
  class space    used 985K, capacity 1309K, committed 1408K, reserved 1048576K
}
Event: 0.576 GC heap after
{Heap after GC invocations=9 (full 0):
 garbage-first heap   total 12288K, used 4421K [0x0000000081800000, 0x0000000100000000)
  region size 1024K, 1 young (1024K), 1 survivors (1024K)
 Metaspace       used 8217K, capacity 11181K, committed 11392K, reserved 1058816K
  class space    used 985K, capacity 1309K, committed 1408K, reserved 1048576K
}
Event: 0.596 GC heap before
{Heap before GC invocations=9 (full 0):
 garbage-first heap   total 12288K, used 5445K [0x0000000081800000, 0x0000000100000000)
  region size 1024K, 2 young (2048K), 1 survivors (1024K)
 Metaspace       used 8265K, capacity 11181K, committed 11392K, reserved 1058816K
  class space    used 985K, capacity 1309K, committed 1408K, reserved 1048576K
}
Event: 0.597 GC heap after
{Heap after GC invocations=10 (full 0):
 garbage-first heap   total 12288K, used 4470K [0x0000000081800000, 0x0000000100000000)
  region size 1024K, 1 young (1024K), 1 survivors (1024K)
 Metaspace       used 8265K, capacity 11181K, committed 11392K, reserved 1058816K
  class space    used 985K, capacity 1309K, committed 1408K, reserved 1048576K
}
Event: 0.616 GC heap before
{Heap before GC invocations=10 (full 0):
 garbage-first heap   total 12288K, used 6518K [0x0000000081800000, 0x0000000100000000)
  region size 1024K, 3 young (3072K), 1 survivors (1024K)
 Metaspace       used 8429K, capacity 11202K, committed 11392K, reserved 1058816K
  class space    used 1002K, capacity 1315K, committed 1408K, reserved 1048576K
}
Event: 0.617 GC heap after
{Heap after GC invocations=11 (full 0):
 garbage-first heap   total 12288K, used 4782K [0x0000000081800000, 0x0000000100000000)
  region size 1024K, 1 young (1024K), 1 survivors (1024K)
 Metaspace       used 8429K, capacity 11202K, committed 11392K, reserved 1058816K
  class space    used 1002K, capacity 1315K, committed 1408K, reserved 1048576K
}
Event: 0.629 GC heap before
{Heap before GC invocations=11 (full 0):
 garbage-first heap   total 12288K, used 6830K [0x0000000081800000, 0x0000000100000000)
  region size 1024K, 3 young (3072K), 1 survivors (1024K)
 Metaspace       used 8449K, capacity 11203K, committed 11392K, reserved 1058816K
  class space    used 1002K, capacity 1315K, committed 1408K, reserved 1048576K
}
Event: 0.630 GC heap after
{Heap after GC invocations=12 (full 0):
 garbage-first heap   total 12288K, used 4986K [0x0000000081800000, 0x0000000100000000)
  region size 1024K, 1 young (1024K), 1 survivors (1024K)
 Metaspace       used 8449K, capacity 11203K, committed 11392K, reserved 1058816K
  class space    used 1002K, capacity 1315K, committed 1408K, reserved 1048576K
}
Event: 0.631 GC heap before
{Heap before GC invocations=12 (full 0):
 garbage-first heap   total 12288K, used 6010K [0x0000000081800000, 0x0000000100000000)
  region size 1024K, 2 young (2048K), 1 survivors (1024K)
 Metaspace       used 8449K, capacity 11203K, committed 11392K, reserved 1058816K
  class space    used 1002K, capacity 1315K, committed 1408K, reserved 1048576K
}

